<?xml version="1.0" encoding="UTF-8"?>
<!-- Generated by org.testng.reporters.JUnitReportReporter -->
<testsuite hostname="DESKTOP-82OA5DQ" failures="0" tests="1" name="testCases.POST_Or_Create_A_Products" time="2.630" errors="0" timestamp="2021-11-10T19:56:59 CST" skipped="0">
  <testcase classname="testCases.POST_Or_Create_A_Products" name="Create_A_Products" time="2.630"/>
  <system-out/>
</testsuite> <!-- testCases.POST_Or_Create_A_Products -->
