<?xml version="1.0" encoding="UTF-8"?>
<!-- Generated by org.testng.reporters.JUnitReportReporter -->
<testsuite hostname="DESKTOP-82OA5DQ" failures="0" tests="1" name="testCases.GET_Or_Read_All_Products" time="2.414" errors="0" timestamp="2021-11-10T18:04:09 CST" skipped="0">
  <testcase classname="testCases.GET_Or_Read_All_Products" name="read_All_Products" time="2.414"/>
  <system-out/>
</testsuite> <!-- testCases.GET_Or_Read_All_Products -->
