<?xml version="1.0" encoding="UTF-8"?>
<!-- Generated by org.testng.reporters.JUnitReportReporter -->
<testsuite hostname="DESKTOP-82OA5DQ" failures="0" tests="1" name="testCases.GET_Or_Read_A_Products" time="4.611" errors="0" timestamp="2021-11-20T21:14:22 CST" skipped="0">
  <testcase classname="testCases.GET_Or_Read_A_Products" name="read_A_Products" time="4.611"/>
  <system-out/>
</testsuite> <!-- testCases.GET_Or_Read_A_Products -->
